# JRE version: OpenJDK Runtime Environment Temurin-17.0.3+7 (17.0.3+7) (build 17.0.3+7)
# Java VM: OpenJDK 64-Bit Server VM Temurin-17.0.3+7 (17.0.3+7, mixed mode, emulated-client, tiered, compressed oops, compressed class ptrs, g1 gc, windows-amd64)
GC Precious Log:
 CPUs: 8 total, 8 available
 Memory: 8029M
 Large Page Support: Disabled
 NUMA Support: Disabled
 Compressed Oops: Enabled (32-bit)
 Heap Region Size: 1M
 Heap Min Capacity: 8M
 Heap Initial Capacity: 126M
 Heap Max Capacity: 2008M
 Pre-touch: Disabled
 Parallel Workers: 8
 Concurrent Workers: 2
 Concurrent Refinement Workers: 8
 Periodic GC: Disabled
Heap:
 garbage-first heap   total 147456K, used 113865K [0x0000000082800000, 0x0000000100000000)
  region size 1024K, 63 young (64512K), 2 survivors (2048K)
 Metaspace       used 75315K, committed 75904K, reserved 1122304K
  class space    used 9915K, committed 10176K, reserved 1048576K
GC Heap History (20 events):
Event: 23604.085 GC heap before
{Heap before GC invocations=61 (full 3):
 garbage-first heap   total 147456K, used 127610K [0x0000000082800000, 0x0000000100000000)
  region size 1024K, 75 young (76800K), 1 survivors (1024K)
 Metaspace       used 75312K, committed 75904K, reserved 1122304K
  class space    used 9914K, committed 10176K, reserved 1048576K
}
Event: 23604.087 GC heap after
{Heap after GC invocations=62 (full 3):
 garbage-first heap   total 147456K, used 52333K [0x0000000082800000, 0x0000000100000000)
  region size 1024K, 2 young (2048K), 2 survivors (2048K)
 Metaspace       used 75312K, committed 75904K, reserved 1122304K
  class space    used 9914K, committed 10176K, reserved 1048576K
}
Event: 24390.413 GC heap before
{Heap before GC invocations=62 (full 3):
 garbage-first heap   total 147456K, used 127085K [0x0000000082800000, 0x0000000100000000)
  region size 1024K, 75 young (76800K), 2 survivors (2048K)
 Metaspace       used 75312K, committed 75904K, reserved 1122304K
  class space    used 9914K, committed 10176K, reserved 1048576K
}
Event: 24390.415 GC heap after
{Heap after GC invocations=63 (full 3):
 garbage-first heap   total 147456K, used 51876K [0x0000000082800000, 0x0000000100000000)
  region size 1024K, 1 young (1024K), 1 survivors (1024K)
 Metaspace       used 75312K, committed 75904K, reserved 1122304K
  class space    used 9914K, committed 10176K, reserved 1048576K
}
Event: 25136.351 GC heap before
{Heap before GC invocations=63 (full 3):
 garbage-first heap   total 147456K, used 127652K [0x0000000082800000, 0x0000000100000000)
  region size 1024K, 75 young (76800K), 1 survivors (1024K)
 Metaspace       used 75312K, committed 75904K, reserved 1122304K
  class space    used 9914K, committed 10176K, reserved 1048576K
}
Event: 25136.354 GC heap after
{Heap after GC invocations=64 (full 3):
 garbage-first heap   total 147456K, used 52346K [0x0000000082800000, 0x0000000100000000)
  region size 1024K, 2 young (2048K), 2 survivors (2048K)
 Metaspace       used 75312K, committed 75904K, reserved 1122304K
  class space    used 9914K, committed 10176K, reserved 1048576K
}
Event: 25915.199 GC heap before
{Heap before GC invocations=64 (full 3):
 garbage-first heap   total 147456K, used 127098K [0x0000000082800000, 0x0000000100000000)
  region size 1024K, 75 young (76800K), 2 survivors (2048K)
 Metaspace       used 75312K, committed 75904K, reserved 1122304K
  class space    used 9914K, committed 10176K, reserved 1048576K
}
Event: 25915.201 GC heap after
{Heap after GC invocations=65 (full 3):
 garbage-first heap   total 147456K, used 51880K [0x0000000082800000, 0x0000000100000000)
  region size 1024K, 1 young (1024K), 1 survivors (1024K)
 Metaspace       used 75312K, committed 75904K, reserved 1122304K
  class space    used 9914K, committed 10176K, reserved 1048576K
}
Event: 26702.278 GC heap before
{Heap before GC invocations=65 (full 3):
 garbage-first heap   total 147456K, used 127656K [0x0000000082800000, 0x0000000100000000)
  region size 1024K, 75 young (76800K), 1 survivors (1024K)
 Metaspace       used 75312K, committed 75904K, reserved 1122304K
  class space    used 9914K, committed 10176K, reserved 1048576K
}
Event: 26702.280 GC heap after
{Heap after GC invocations=66 (full 3):
 garbage-first heap   total 147456K, used 51954K [0x0000000082800000, 0x0000000100000000)
  region size 1024K, 1 young (1024K), 1 survivors (1024K)
 Metaspace       used 75312K, committed 75904K, reserved 1122304K
  class space    used 9914K, committed 10176K, reserved 1048576K
}
Event: 27463.356 GC heap before
{Heap before GC invocations=66 (full 3):
 garbage-first heap   total 147456K, used 127730K [0x0000000082800000, 0x0000000100000000)
  region size 1024K, 75 young (76800K), 1 survivors (1024K)
 Metaspace       used 75312K, committed 75904K, reserved 1122304K
  class space    used 9914K, committed 10176K, reserved 1048576K
}
Event: 27463.359 GC heap after
{Heap after GC invocations=67 (full 3):
 garbage-first heap   total 147456K, used 52273K [0x0000000082800000, 0x0000000100000000)
  region size 1024K, 2 young (2048K), 2 survivors (2048K)
 Metaspace       used 75312K, committed 75904K, reserved 1122304K
  class space    used 9914K, committed 10176K, reserved 1048576K
}
Event: 28249.664 GC heap before
{Heap before GC invocations=67 (full 3):
 garbage-first heap   total 147456K, used 127025K [0x0000000082800000, 0x0000000100000000)
  region size 1024K, 75 young (76800K), 2 survivors (2048K)
 Metaspace       used 75312K, committed 75904K, reserved 1122304K
  class space    used 9914K, committed 10176K, reserved 1048576K
}
Event: 28249.668 GC heap after
{Heap after GC invocations=68 (full 3):
 garbage-first heap   total 147456K, used 51881K [0x0000000082800000, 0x0000000100000000)
  region size 1024K, 1 young (1024K), 1 survivors (1024K)
 Metaspace       used 75312K, committed 75904K, reserved 1122304K
  class space    used 9914K, committed 10176K, reserved 1048576K
}
Event: 28997.923 GC heap before
{Heap before GC invocations=68 (full 3):
 garbage-first heap   total 147456K, used 127657K [0x0000000082800000, 0x0000000100000000)
  region size 1024K, 75 young (76800K), 1 survivors (1024K)
 Metaspace       used 75312K, committed 75904K, reserved 1122304K
  class space    used 9914K, committed 10176K, reserved 1048576K
}
Event: 28997.924 GC heap after
{Heap after GC invocations=69 (full 3):
 garbage-first heap   total 147456K, used 52396K [0x0000000082800000, 0x0000000100000000)
  region size 1024K, 2 young (2048K), 2 survivors (2048K)
 Metaspace       used 75312K, committed 75904K, reserved 1122304K
  class space    used 9914K, committed 10176K, reserved 1048576K
}
Event: 29780.351 GC heap before
{Heap before GC invocations=69 (full 3):
 garbage-first heap   total 147456K, used 127148K [0x0000000082800000, 0x0000000100000000)
  region size 1024K, 75 young (76800K), 2 survivors (2048K)
 Metaspace       used 75312K, committed 75904K, reserved 1122304K
  class space    used 9914K, committed 10176K, reserved 1048576K
}
Event: 29780.355 GC heap after
{Heap after GC invocations=70 (full 3):
 garbage-first heap   total 147456K, used 51920K [0x0000000082800000, 0x0000000100000000)
  region size 1024K, 1 young (1024K), 1 survivors (1024K)
 Metaspace       used 75312K, committed 75904K, reserved 1122304K
  class space    used 9914K, committed 10176K, reserved 1048576K
}
Event: 30531.165 GC heap before
{Heap before GC invocations=70 (full 3):
 garbage-first heap   total 147456K, used 126672K [0x0000000082800000, 0x0000000100000000)
  region size 1024K, 75 young (76800K), 1 survivors (1024K)
 Metaspace       used 75312K, committed 75904K, reserved 1122304K
  class space    used 9914K, committed 10176K, reserved 1048576K
}
Event: 30531.167 GC heap after
{Heap after GC invocations=71 (full 3):
 garbage-first heap   total 147456K, used 52425K [0x0000000082800000, 0x0000000100000000)
  region size 1024K, 2 young (2048K), 2 survivors (2048K)
 Metaspace       used 75312K, committed 75904K, reserved 1122304K
  class space    used 9914K, committed 10176K, reserved 1048576K
}

